npm WARN EBADENGINE Unsupported engine {
npm WARN EBADENGINE   package: '@prisma/client@7.6.0',
npm WARN EBADENGINE   required: { node: '^20.19 || ^22.12 || >=24.0' },
npm WARN EBADENGINE   current: { node: 'v22.11.0', npm: '10.2.5' }
npm WARN EBADENGINE }
npm WARN EBADENGINE Unsupported engine {
npm WARN EBADENGINE   package: '@prisma/studio-core@0.27.3',
npm WARN EBADENGINE   required: { node: '^20.19 || ^22.12 || >=24.0', pnpm: '8' },
npm WARN EBADENGINE   current: { node: 'v22.11.0', npm: '10.2.5' }
npm WARN EBADENGINE }
npm WARN EBADENGINE Unsupported engine {
npm WARN EBADENGINE   package: 'eslint-visitor-keys@5.0.1',
npm WARN EBADENGINE   required: { node: '^20.19.0 || ^22.13.0 || >=24' },
npm WARN EBADENGINE   current: { node: 'v22.11.0', npm: '10.2.5' }
npm WARN EBADENGINE }
npm WARN EBADENGINE Unsupported engine {
npm WARN EBADENGINE   package: 'camera-controls@3.1.2',
npm WARN EBADENGINE   required: { node: '>=22.0.0', npm: '>=10.5.1' },
npm WARN EBADENGINE   current: { node: 'v22.11.0', npm: '10.2.5' }
npm WARN EBADENGINE }
npm WARN EBADENGINE Unsupported engine {
npm WARN EBADENGINE   package: 'prisma@7.6.0',
npm WARN EBADENGINE   required: { node: '^20.19 || ^22.12 || >=24.0' },
npm WARN EBADENGINE   current: { node: 'v22.11.0', npm: '10.2.5' }
npm WARN EBADENGINE }
npm ERR! code 1
npm ERR! path C:\Users\rabin\Downloads\d2c\node_modules\prisma
npm ERR! command failed
npm ERR! command C:\WINDOWS\system32\cmd.exe /d /s /c node scripts/preinstall-entry.js
npm ERR! 螕枚卯螕枚脟螕枚脟螕枚脟螕枚脟螕枚脟螕枚脟螕枚脟螕枚脟螕枚脟螕枚脟螕枚脟螕枚脟螕枚脟螕枚脟螕枚脟螕枚脟螕枚脟螕枚脟螕枚脟螕枚脟螕枚脟螕枚脟螕枚脟螕枚脟螕枚脟螕枚脟螕枚脟螕枚脟螕枚脟螕枚脟螕枚脟螕枚脟螕枚脟螕枚脟螕枚脟螕枚脟螕枚脟螕枚脟螕枚脟螕枚脟螕枚脟螕枚脟螕枚脟螕枚脟螕枚脟螕枚脟螕枚脟螕枚脟螕枚脟螕枚脟螕枚脟螕枚脟螕枚脟螕枚脟螕枚脟螕枚脟螕枚脟螕枚脟螕枚脟螕枚脟螕枚脟螕枚脟螕枚脟螕枚脟螕枚脟螕枚脟螕枚脟螕枚脟螕枚脡
npm ERR! 螕枚茅    Prisma only supports Node.js versions 20.19+, 22.12+, 24.0+.    螕枚茅
npm ERR! 螕枚茅    Please upgrade your Node.js version.                            螕枚茅
npm ERR! 螕枚枚螕枚脟螕枚脟螕枚脟螕枚脟螕枚脟螕枚脟螕枚脟螕枚脟螕枚脟螕枚脟螕枚脟螕枚脟螕枚脟螕枚脟螕枚脟螕枚脟螕枚脟螕枚脟螕枚脟螕枚脟螕枚脟螕枚脟螕枚脟螕枚脟螕枚脟螕枚脟螕枚脟螕枚脟螕枚脟螕枚脟螕枚脟螕枚脟螕枚脟螕枚脟螕枚脟螕枚脟螕枚脟螕枚脟螕枚脟螕枚脟螕枚脟螕枚脟螕枚脟螕枚脟螕枚脟螕枚脟螕枚脟螕枚脟螕枚脟螕枚脟螕枚脟螕枚脟螕枚脟螕枚脟螕枚脟螕枚脟螕枚脟螕枚脟螕枚脟螕枚脟螕枚脟螕枚脟螕枚脟螕枚脟螕枚脟螕枚脟螕枚脟螕枚脟螕枚每

npm ERR! A complete log of this run can be found in: C:\Users\rabin\AppData\Local\npm-cache\_logs\2026-04-02T18_29_45_173Z-debug-0.log
